<?xml version="1.0" encoding="UTF-8" ?>
<testsuite tests="60" failures="1" name="TestSuite" time="30.194" errors="0" skipped="59">
  <properties>
    <property name="java.runtime.name" value="Java(TM) SE Runtime Environment"/>
    <property name="sun.boot.library.path" value="C:\Program Files\Java\jdk1.8.0_131\jre\bin"/>
    <property name="java.vm.version" value="25.131-b11"/>
    <property name="java.vm.vendor" value="Oracle Corporation"/>
    <property name="maven.multiModuleProjectDirectory" value="D:\BaiduNetdiskDownload\javaProject\sample-java-master\sample-java-master"/>
    <property name="java.vendor.url" value="http://java.oracle.com/"/>
    <property name="path.separator" value=";"/>
    <property name="guice.disable.misplaced.annotation.check" value="true"/>
    <property name="java.vm.name" value="Java HotSpot(TM) 64-Bit Server VM"/>
    <property name="file.encoding.pkg" value="sun.io"/>
    <property name="user.script" value=""/>
    <property name="maven.skip.test" value="true"/>
    <property name="user.country" value="CN"/>
    <property name="sun.java.launcher" value="SUN_STANDARD"/>
    <property name="sun.os.patch.level" value="Service Pack 1"/>
    <property name="java.vm.specification.name" value="Java Virtual Machine Specification"/>
    <property name="user.dir" value="D:\BaiduNetdiskDownload\javaProject\sample-java-master\sample-java-master"/>
    <property name="checkstyle.skip" value="true"/>
    <property name="java.runtime.version" value="1.8.0_131-b11"/>
    <property name="java.awt.graphicsenv" value="sun.awt.Win32GraphicsEnvironment"/>
    <property name="java.endorsed.dirs" value="C:\Program Files\Java\jdk1.8.0_131\jre\lib\endorsed"/>
    <property name="os.arch" value="amd64"/>
    <property name="java.io.tmpdir" value="C:\Users\ZHANGJ~1\AppData\Local\Temp\"/>
    <property name="line.separator" value="
"/>
    <property name="java.vm.specification.vendor" value="Oracle Corporation"/>
    <property name="user.variant" value=""/>
    <property name="os.name" value="Windows 7"/>
    <property name="classworlds.conf" value="D:\soft\apache-maven-3.5.3-bin\apache-maven-3.5.3\bin\..\bin\m2.conf"/>
    <property name="sun.jnu.encoding" value="GBK"/>
    <property name="java.library.path" value="C:\Program Files\Java\jdk1.8.0_131\bin;C:\Windows\Sun\Java\bin;C:\Windows\system32;C:\Windows;C:\ProgramData\Oracle\Java\javapath;C:\Program Files\VanDyke Software\Clients\;C:\Windows\system32;C:\Windows;C:\Windows\System32\Wbem;C:\Windows\System32\WindowsPowerShell\v1.0\;C:\Program Files (x86)\NVIDIA Corporation\PhysX\Common;C:\Program Files\TortoiseSVN\bin;C:\Users\wanghao\AppData\Local\Programs\Python\Python36-32\;C:\Users\wanghao\AppData\Local\Programs\Python\Python36-32\Scripts;C:\Program Files\Java\jdk1.8.0_131\bin;C:\Program Files\Java\jdk1.8.0_131\jre\bin;D:\download\android-sdk-windows\platform-tools;D:\download\android-sdk-windows\tools;D:\download\Appium\node_modules\.bin;D:\soft\apache-maven-3.5.3-bin\apache-maven-3.5.3\bin;C:\Program Files\Git\cmd;C:\Program Files\TortoiseGit\bin;D:\download\android-sdk-windows\build-tools\21.1.2;%JMETER_HOME\lib\ext\ApacheJMeter_core.jar;D:\download\apache-jmeter-3.3\lib\jorphan.jar;D:\download\apache-jmeter-3.3\lib\logkit-2.0.jar;D:\download\apache-jmeter-3.3\bin;C:\Program Files\nodejs\;C:\Python27;\Python27\Scripts;D:\Program Files\apache-ant-1.10.3\bin;D:\soft\apache-maven-3.5.3-bin\apache-maven-3.5.3\bin;."/>
    <property name="maven.conf" value="D:\soft\apache-maven-3.5.3-bin\apache-maven-3.5.3\bin\../conf"/>
    <property name="java.specification.name" value="Java Platform API Specification"/>
    <property name="java.class.version" value="52.0"/>
    <property name="sun.management.compiler" value="HotSpot 64-Bit Tiered Compilers"/>
    <property name="os.version" value="6.1"/>
    <property name="library.jansi.path" value="D:\soft\apache-maven-3.5.3-bin\apache-maven-3.5.3\bin\..\lib\jansi-native"/>
    <property name="user.home" value="C:\Users\zhangjianfeng"/>
    <property name="user.timezone" value="Asia/Shanghai"/>
    <property name="java.awt.printerjob" value="sun.awt.windows.WPrinterJob"/>
    <property name="java.specification.version" value="1.8"/>
    <property name="file.encoding" value="GBK"/>
    <property name="user.name" value="zhangjianfeng"/>
    <property name="java.class.path" value="D:\soft\apache-maven-3.5.3-bin\apache-maven-3.5.3\bin\..\boot\plexus-classworlds-2.5.2.jar"/>
    <property name="java.vm.specification.version" value="1.8"/>
    <property name="sun.arch.data.model" value="64"/>
    <property name="java.home" value="C:\Program Files\Java\jdk1.8.0_131\jre"/>
    <property name="sun.java.command" value="org.codehaus.plexus.classworlds.launcher.Launcher -s settings.xml clean install -Dmaven.skip.test=true -Dcheckstyle.skip=true"/>
    <property name="java.specification.vendor" value="Oracle Corporation"/>
    <property name="user.language" value="zh"/>
    <property name="awt.toolkit" value="sun.awt.windows.WToolkit"/>
    <property name="java.vm.info" value="mixed mode"/>
    <property name="java.version" value="1.8.0_131"/>
    <property name="java.ext.dirs" value="C:\Program Files\Java\jdk1.8.0_131\jre\lib\ext;C:\Windows\Sun\Java\lib\ext"/>
    <property name="sun.boot.class.path" value="C:\Program Files\Java\jdk1.8.0_131\jre\lib\resources.jar;C:\Program Files\Java\jdk1.8.0_131\jre\lib\rt.jar;C:\Program Files\Java\jdk1.8.0_131\jre\lib\sunrsasign.jar;C:\Program Files\Java\jdk1.8.0_131\jre\lib\jsse.jar;C:\Program Files\Java\jdk1.8.0_131\jre\lib\jce.jar;C:\Program Files\Java\jdk1.8.0_131\jre\lib\charsets.jar;C:\Program Files\Java\jdk1.8.0_131\jre\lib\jfr.jar;C:\Program Files\Java\jdk1.8.0_131\jre\classes"/>
    <property name="sun.stderr.encoding" value="ms936"/>
    <property name="java.vendor" value="Oracle Corporation"/>
    <property name="maven.home" value="D:\soft\apache-maven-3.5.3-bin\apache-maven-3.5.3\bin\.."/>
    <property name="file.separator" value="\"/>
    <property name="java.vendor.url.bug" value="http://bugreport.sun.com/bugreport/"/>
    <property name="sun.cpu.endian" value="little"/>
    <property name="sun.io.unicode.encoding" value="UnicodeLittle"/>
    <property name="sun.stdout.encoding" value="ms936"/>
    <property name="sun.desktop" value="windows"/>
    <property name="sun.cpu.isalist" value="amd64"/>
  </properties>
  <testcase classname="xiaoaiai.Accost.AccostTest" name="setup" time="0.477">
    <failure message="
Parameter &apos;evn&apos; is required by BeforeSuite on method setup but has not been marked @Optional or defined
" type="org.testng.TestNGException">org.testng.TestNGException: 
Parameter &apos;evn&apos; is required by BeforeSuite on method setup but has not been marked @Optional or defined

	at org.testng.internal.Parameters.createParams(Parameters.java:290)
	at org.testng.internal.Parameters.createParametersForMethod(Parameters.java:359)
	at org.testng.internal.Parameters.createParameters(Parameters.java:620)
	at org.testng.internal.Parameters.createConfigurationParameters(Parameters.java:190)
	at org.testng.internal.Invoker.invokeConfigurations(Invoker.java:209)
	at org.testng.internal.Invoker.invokeConfigurations(Invoker.java:142)
	at org.testng.SuiteRunner.privateRun(SuiteRunner.java:401)
	at org.testng.SuiteRunner.run(SuiteRunner.java:364)
	at org.testng.SuiteRunnerWorker.runSuite(SuiteRunnerWorker.java:52)
	at org.testng.SuiteRunnerWorker.run(SuiteRunnerWorker.java:84)
	at org.testng.TestNG.runSuitesSequentially(TestNG.java:1208)
	at org.testng.TestNG.runSuitesLocally(TestNG.java:1137)
	at org.testng.TestNG.runSuites(TestNG.java:1049)
	at org.testng.TestNG.run(TestNG.java:1017)
	at org.apache.maven.surefire.testng.TestNGExecutor.run(TestNGExecutor.java:77)
	at org.apache.maven.surefire.testng.TestNGDirectoryTestSuite.executeMulti(TestNGDirectoryTestSuite.java:159)
	at org.apache.maven.surefire.testng.TestNGDirectoryTestSuite.execute(TestNGDirectoryTestSuite.java:99)
	at org.apache.maven.surefire.testng.TestNGProvider.invoke(TestNGProvider.java:106)
	at sun.reflect.NativeMethodAccessorImpl.invoke0(Native Method)
	at sun.reflect.NativeMethodAccessorImpl.invoke(NativeMethodAccessorImpl.java:62)
	at sun.reflect.DelegatingMethodAccessorImpl.invoke(DelegatingMethodAccessorImpl.java:43)
	at java.lang.reflect.Method.invoke(Method.java:498)
	at org.apache.maven.surefire.util.ReflectionUtils.invokeMethodWithArray(ReflectionUtils.java:189)
	at org.apache.maven.surefire.booter.ProviderFactory$ProviderProxy.invoke(ProviderFactory.java:165)
	at org.apache.maven.surefire.booter.ProviderFactory.invokeProvider(ProviderFactory.java:85)
	at org.apache.maven.surefire.booter.ForkedBooter.runSuitesInProcess(ForkedBooter.java:115)
	at org.apache.maven.surefire.booter.ForkedBooter.main(ForkedBooter.java:75)
</failure>
    <system-out>Configuring TestNG with: org.apache.maven.surefire.testng.conf.TestNG652Configurator@5e265ba4
</system-out>
  </testcase>
  <testcase classname="xiaoaiai.Accost.AccostTest" name="setup" time="0.484">
    <skipped/>
  </testcase>
  <testcase classname="xiaoaiai.Accost.AccostTest" name="test" time="0.492">
    <skipped/>
  </testcase>
  <testcase classname="xiaoaiai.Accost.AccostTest" name="test_UI_tag" time="0.496">
    <skipped/>
  </testcase>
  <testcase classname="xiaoaiai.Accost.AccostTest" name="test_UIcheck_idphotoUpload" time="0.496">
    <skipped/>
  </testcase>
  <testcase classname="xiaoaiai.Accost.AccostTest" name="test_back_idphotoUpload" time="0.496">
    <skipped/>
  </testcase>
  <testcase classname="xiaoaiai.Accost.AccostTest" name="test_change_list" time="0.499">
    <skipped/>
  </testcase>
  <testcase classname="xiaoaiai.Accost.AccostTest" name="test_click_head" time="0.499">
    <skipped/>
  </testcase>
  <testcase classname="xiaoaiai.Accost.AccostTest" name="test_click_idPhoto" time="0.499">
    <skipped/>
  </testcase>
  <testcase classname="xiaoaiai.Accost.AccostTest" name="test_click_uploas" time="0.499">
    <skipped/>
  </testcase>
  <testcase classname="xiaoaiai.Accost.AccostTest" name="test_deleteIdphoto" time="0.5">
    <skipped/>
  </testcase>
  <testcase classname="xiaoaiai.Accost.AccostTest" name="test_dphotoUpload" time="0.5">
    <skipped/>
  </testcase>
  <testcase classname="xiaoaiai.Accost.AccostTest" name="test_edit_mood" time="0.5">
    <skipped/>
  </testcase>
  <testcase classname="xiaoaiai.Accost.AccostTest" name="test_mood_floow" time="0.5">
    <skipped/>
  </testcase>
  <testcase classname="xiaoaiai.Accost.AccostTest" name="test_upload" time="0.5">
    <skipped/>
  </testcase>
  <testcase classname="xiaoaiai.Accost.AccostTest" name="teardown" time="0.5">
    <skipped/>
  </testcase>
  <testcase classname="xiaoaiai.Find.UploadFeedTest" name="setup" time="0.5">
    <skipped/>
  </testcase>
  <testcase classname="xiaoaiai.Find.UploadFeedTest" name="test_UI_check" time="0.5">
    <skipped/>
  </testcase>
  <testcase classname="xiaoaiai.Find.UploadFeedTest" name="test_cilck_back" time="0.5">
    <skipped/>
  </testcase>
  <testcase classname="xiaoaiai.Find.UploadFeedTest" name="test_noNews_click_upload" time="0.5">
    <skipped/>
  </testcase>
  <testcase classname="xiaoaiai.Find.UploadFeedTest" name="test_noTopic_upload" time="0.501">
    <skipped/>
  </testcase>
  <testcase classname="xiaoaiai.Find.UploadFeedTest" name="test_upload_anonymity" time="0.501">
    <skipped/>
  </testcase>
  <testcase classname="xiaoaiai.Find.UploadFeedTest" name="test_upload_txt" time="0.501">
    <skipped/>
  </testcase>
  <testcase classname="xiaoaiai.Find.UploadFeedTest" name="test_upload_txtAndPic" time="0.501">
    <skipped/>
  </testcase>
  <testcase classname="xiaoaiai.Find.UploadFeedTest" name="teardown" time="0.501">
    <skipped/>
  </testcase>
  <testcase classname="xiaoaiai.Call.CallTest" name="setUp" time="0.503">
    <skipped/>
  </testcase>
  <testcase classname="xiaoaiai.Call.CallTest" name="fansVideoCall" time="0.504">
    <skipped/>
  </testcase>
  <testcase classname="xiaoaiai.Call.CallTest" name="fansVioceCall" time="0.504">
    <skipped/>
  </testcase>
  <testcase classname="xiaoaiai.Call.CallTest" name="fansYuetiao" time="0.504">
    <skipped/>
  </testcase>
  <testcase classname="xiaoaiai.Call.CallTest" name="nofansVideoCall" time="0.504">
    <skipped/>
  </testcase>
  <testcase classname="xiaoaiai.Call.CallTest" name="nofansVioceCall" time="0.504">
    <skipped/>
  </testcase>
  <testcase classname="xiaoaiai.Call.CallTest" name="nofansyuetiao" time="0.505">
    <skipped/>
  </testcase>
  <testcase classname="xiaoaiai.Call.CallTest" name="teardown" time="0.505">
    <skipped/>
  </testcase>
  <testcase classname="xiaoaiai.Find.VideoTest" name="setup" time="0.505">
    <skipped/>
  </testcase>
  <testcase classname="xiaoaiai.Find.VideoTest" name="test_check_deleteAndConnat" time="0.506">
    <skipped/>
  </testcase>
  <testcase classname="xiaoaiai.Find.VideoTest" name="test_click_folder" time="0.506">
    <skipped/>
  </testcase>
  <testcase classname="xiaoaiai.Find.VideoTest" name="test_delete" time="0.506">
    <skipped/>
  </testcase>
  <testcase classname="xiaoaiai.Find.VideoTest" name="test_local_video" time="0.506">
    <skipped/>
  </testcase>
  <testcase classname="xiaoaiai.Find.VideoTest" name="test_noRecord_colse" time="0.506">
    <skipped/>
  </testcase>
  <testcase classname="xiaoaiai.Find.VideoTest" name="test_record_close" time="0.507">
    <skipped/>
  </testcase>
  <testcase classname="xiaoaiai.Find.VideoTest" name="test_upload_local_video" time="0.507">
    <skipped/>
  </testcase>
  <testcase classname="xiaoaiai.Find.VideoTest" name="test_upload_video" time="0.507">
    <skipped/>
  </testcase>
  <testcase classname="xiaoaiai.Find.VideoTest" name="teardown" time="0.507">
    <skipped/>
  </testcase>
  <testcase classname="xiaoaiai.Didi.DidiTest" name="setUp" time="0.508">
    <skipped/>
  </testcase>
  <testcase classname="xiaoaiai.Didi.DidiTest" name="didiFollow" time="0.508">
    <skipped/>
  </testcase>
  <testcase classname="xiaoaiai.Didi.DidiTest" name="didiVideo" time="0.508">
    <skipped/>
  </testcase>
  <testcase classname="xiaoaiai.Didi.DidiTest" name="didiVoice" time="0.508">
    <skipped/>
  </testcase>
  <testcase classname="xiaoaiai.Didi.DidiTest" name="didiYuetiao" time="0.508">
    <skipped/>
  </testcase>
  <testcase classname="xiaoaiai.Login.LoginTest" name="setup" time="0.508">
    <skipped/>
  </testcase>
  <testcase classname="xiaoaiai.Login.LoginTest" name="QQlogin" time="0.508">
    <skipped/>
  </testcase>
  <testcase classname="xiaoaiai.Login.LoginTest" name="login" time="0.51">
    <skipped/>
  </testcase>
  <testcase classname="xiaoaiai.Login.LoginTest" name="weiChatLogin" time="0.51">
    <skipped/>
  </testcase>
  <testcase classname="xiaoaiai.Login.LoginTest" name="weiboLogin" time="0.51">
    <skipped/>
  </testcase>
  <testcase classname="xiaoaiai.Mine.MineTest" name="setup" time="0.51">
    <skipped/>
  </testcase>
  <testcase classname="xiaoaiai.Mine.MineTest" name="modifyAge" time="0.51">
    <skipped/>
  </testcase>
  <testcase classname="xiaoaiai.Mine.MineTest" name="modifyHeadImg" time="0.51">
    <skipped/>
  </testcase>
  <testcase classname="xiaoaiai.Mine.MineTest" name="modifyNickName" time="0.51">
    <skipped/>
  </testcase>
  <testcase classname="xiaoaiai.Mine.MineTest" name="moidfyAddr" time="0.51">
    <skipped/>
  </testcase>
  <testcase classname="xiaoaiai.Test.Test" name="setup" time="0.51">
    <skipped/>
  </testcase>
  <testcase classname="xiaoaiai.Test.Test" name="login" time="0.51">
    <skipped/>
  </testcase>
</testsuite>