<?xml version="1.0" encoding="UTF-8"?>
<!-- Generated by org.testng.reporters.JUnitReportReporter -->
<testsuite skipped="13" hostname="wanghao-PC" name="xiaoaiai.Accost.AccostTest" tests="14" failures="0" timestamp="21 六月 2018 09:52:18 GMT" time="0.000" errors="1">
  <testcase name="test_upload" time="0.000" classname="xiaoaiai.Accost.AccostTest">
    <skipped/>
  </testcase> <!-- test_upload -->
  <testcase name="test_UI_tag" time="0.000" classname="xiaoaiai.Accost.AccostTest">
    <skipped/>
  </testcase> <!-- test_UI_tag -->
  <testcase name="test_mood_floow" time="0.000" classname="xiaoaiai.Accost.AccostTest">
    <skipped/>
  </testcase> <!-- test_mood_floow -->
  <testcase name="test_UIcheck_idphotoUpload" time="0.000" classname="xiaoaiai.Accost.AccostTest">
    <skipped/>
  </testcase> <!-- test_UIcheck_idphotoUpload -->
  <testcase name="test" time="0.000" classname="xiaoaiai.Accost.AccostTest">
    <skipped/>
  </testcase> <!-- test -->
  <testcase name="test_dphotoUpload" time="0.000" classname="xiaoaiai.Accost.AccostTest">
    <skipped/>
  </testcase> <!-- test_dphotoUpload -->
  <testcase name="test_click_uploas" time="0.000" classname="xiaoaiai.Accost.AccostTest">
    <skipped/>
  </testcase> <!-- test_click_uploas -->
  <testcase name="test_edit_mood" time="0.000" classname="xiaoaiai.Accost.AccostTest">
    <skipped/>
  </testcase> <!-- test_edit_mood -->
  <testcase name="test_click_head" time="0.000" classname="xiaoaiai.Accost.AccostTest">
    <skipped/>
  </testcase> <!-- test_click_head -->
  <testcase name="test_deleteIdphoto" time="0.000" classname="xiaoaiai.Accost.AccostTest">
    <skipped/>
  </testcase> <!-- test_deleteIdphoto -->
  <testcase name="test_change_list" time="0.000" classname="xiaoaiai.Accost.AccostTest">
    <skipped/>
  </testcase> <!-- test_change_list -->
  <testcase name="test_click_idPhoto" time="0.000" classname="xiaoaiai.Accost.AccostTest">
    <skipped/>
  </testcase> <!-- test_click_idPhoto -->
  <testcase name="setup" time="0.000" classname="xiaoaiai.Accost.AccostTest">
    <error type="org.testng.TestNGException" message="
Parameter &#039;evn&#039; is required by BeforeSuite on method setup but has not been marked @Optional or defined
">
      <![CDATA[org.testng.TestNGException: 
Parameter 'evn' is required by BeforeSuite on method setup but has not been marked @Optional or defined

at org.testng.internal.Parameters.createParams(Parameters.java:290)
at org.testng.internal.Parameters.createParametersForMethod(Parameters.java:359)
at org.testng.internal.Parameters.createParameters(Parameters.java:620)
at org.testng.internal.Parameters.createConfigurationParameters(Parameters.java:190)
at org.testng.internal.Invoker.invokeConfigurations(Invoker.java:209)
at org.testng.internal.Invoker.invokeConfigurations(Invoker.java:142)
at org.testng.SuiteRunner.privateRun(SuiteRunner.java:401)
at org.testng.SuiteRunner.run(SuiteRunner.java:364)
at org.testng.SuiteRunnerWorker.runSuite(SuiteRunnerWorker.java:52)
at org.testng.SuiteRunnerWorker.run(SuiteRunnerWorker.java:84)
at org.testng.TestNG.runSuitesSequentially(TestNG.java:1208)
at org.testng.TestNG.runSuitesLocally(TestNG.java:1137)
at org.testng.TestNG.runSuites(TestNG.java:1049)
at org.testng.TestNG.run(TestNG.java:1017)
at org.apache.maven.surefire.testng.TestNGExecutor.run(TestNGExecutor.java:77)
at org.apache.maven.surefire.testng.TestNGDirectoryTestSuite.executeMulti(TestNGDirectoryTestSuite.java:159)
at org.apache.maven.surefire.testng.TestNGDirectoryTestSuite.execute(TestNGDirectoryTestSuite.java:99)
at org.apache.maven.surefire.testng.TestNGProvider.invoke(TestNGProvider.java:106)
at sun.reflect.NativeMethodAccessorImpl.invoke0(Native Method)
at sun.reflect.NativeMethodAccessorImpl.invoke(NativeMethodAccessorImpl.java:62)
at sun.reflect.DelegatingMethodAccessorImpl.invoke(DelegatingMethodAccessorImpl.java:43)
at java.lang.reflect.Method.invoke(Method.java:498)
at org.apache.maven.surefire.util.ReflectionUtils.invokeMethodWithArray(ReflectionUtils.java:189)
at org.apache.maven.surefire.booter.ProviderFactory$ProviderProxy.invoke(ProviderFactory.java:165)
at org.apache.maven.surefire.booter.ProviderFactory.invokeProvider(ProviderFactory.java:85)
at org.apache.maven.surefire.booter.ForkedBooter.runSuitesInProcess(ForkedBooter.java:115)
at org.apache.maven.surefire.booter.ForkedBooter.main(ForkedBooter.java:75)
]]>
    </error>
  </testcase> <!-- setup -->
  <testcase name="test_back_idphotoUpload" time="0.000" classname="xiaoaiai.Accost.AccostTest">
    <skipped/>
  </testcase> <!-- test_back_idphotoUpload -->
</testsuite> <!-- xiaoaiai.Accost.AccostTest -->
